[08Jul2024 12:46:48.561] [main/INFO] [cpw.mods.modlauncher.Launcher/MODLAUNCHER]: ModLauncher running: args [--launchTarget, forgeclientuserdev, --version, 21.0.76-beta, --assetIndex, asset-index, --assetsDir, C:\Users\ben\.gradle\caches\minecraft\assets\1.21, --gameDir, ., --fml.neoForgeVersion, 21.0.76-beta, --fml.fmlVersion, 4.0.15, --fml.mcVersion, 1.21, --fml.neoFormVersion, 20240613.152323]
[08Jul2024 12:46:48.574] [main/INFO] [cpw.mods.modlauncher.Launcher/MODLAUNCHER]: JVM identified as Azul Systems, Inc. OpenJDK 64-Bit Server VM 21.0.2+13-LTS
[08Jul2024 12:46:48.580] [main/INFO] [cpw.mods.modlauncher.Launcher/MODLAUNCHER]: ModLauncher 11.0.4+main.d2e20e43 starting: java version 21.0.2 by Azul Systems, Inc.; OS Windows 11 arch amd64 version 10.0
[08Jul2024 12:46:48.973] [main/WARN] [net.neoforged.fml.loading.FMLConfig/CORE]: Configuration file C:\Users\ben\IdeaProjects\Orb\runs\client\config\fml.toml is not correct. Correcting
[08Jul2024 12:46:48.978] [main/INFO] [net.neoforged.fml.loading.FMLConfig/CORE]: Incorrect key [disableConfigWatcher] was corrected from null to false
[08Jul2024 12:46:48.979] [main/INFO] [net.neoforged.fml.loading.FMLConfig/CORE]: Incorrect key [earlyWindowSkipGLVersions] was corrected from null to []
[08Jul2024 12:46:48.979] [main/INFO] [net.neoforged.fml.loading.FMLConfig/CORE]: Incorrect key [earlyWindowSquir] was corrected from null to false
[08Jul2024 12:46:49.079] [main/INFO] [net.neoforged.fml.loading.ImmediateWindowHandler/]: Loading ImmediateWindowProvider fmlearlywindow
[08Jul2024 12:46:49.415] [main/INFO] [EARLYDISPLAY/]: Trying GL version 4.6
[08Jul2024 12:46:49.902] [main/INFO] [EARLYDISPLAY/]: Requested GL version 4.6 got version 4.6
[08Jul2024 12:46:50.119] [main/INFO] [mixin/]: SpongePowered MIXIN Subsystem Version=0.8.6 Source=union:/C:/Users/ben/.gradle/caches/modules-2/files-2.1/net.fabricmc/sponge-mixin/0.14.0+mixin.0.8.6/c265173c84346e9e5d42a2384b2b02bd39a4a899/sponge-mixin-0.14.0+mixin.0.8.6.jar%23135!/ Service=ModLauncher Env=CLIENT
[08Jul2024 12:46:50.536] [pool-2-thread-1/INFO] [EARLYDISPLAY/]: GL info: NVIDIA GeForce GTX 1650/PCIe/SSE2 GL version 4.6.0 NVIDIA 552.22, NVIDIA Corporation
[08Jul2024 12:46:50.697] [main/INFO] [net.neoforged.fml.loading.moddiscovery.ModDiscoverer/SCAN]: Found mod file "neoforge-21.0.76-beta.jar" [locator: neoforge devenv provider ([C:\Users\ben\IdeaProjects\Orb\.gradle\repositories\ng_dummy_ng\net\neoforged\neoforge\21.0.76-beta\neoforge-21.0.76-beta.jar])]
[08Jul2024 12:46:50.718] [main/INFO] [net.neoforged.fml.loading.moddiscovery.ModDiscoverer/SCAN]: Found mod file "neoforge-21.0.76-beta.jar" [locator: neoforge devenv provider ([C:\Users\ben\IdeaProjects\Orb\.gradle\repositories\ng_dummy_ng\net\neoforged\neoforge\21.0.76-beta\neoforge-21.0.76-beta.jar])]
[08Jul2024 12:46:50.740] [main/INFO] [net.neoforged.fml.loading.moddiscovery.ModDiscoverer/SCAN]: Found mod file "main" [locator: userdev mods and services, reader: mod manifest]
[08Jul2024 12:46:50.759] [main/INFO] [net.neoforged.fml.loading.moddiscovery.ModDiscoverer/SCAN]: Found mod file "neoforge-21.0.76-beta.jar" [locator: userdev mods and services, reader: mod manifest]
[08Jul2024 12:46:50.811] [main/INFO] [net.neoforged.fml.loading.moddiscovery.ModDiscoverer/SCAN]: Found gamelibrary file "mixinextras-neoforge-0.3.5.jar" [locator: userdev mods and services, reader: mod manifest]
[08Jul2024 12:46:51.312] [main/WARN] [net.neoforged.jarjar.selection.JarSelector/]: Attempted to select a dependency jar for JarJar which was passed in as source: mixinextras-neoforge-0.3.5.jar. Using Mod File: C:\Users\ben\.gradle\caches\modules-2\files-2.1\io.github.llamalad7\mixinextras-neoforge\0.3.5\ef3ffcf309dae656517b2f120189b1c9b21737dd\mixinextras-neoforge-0.3.5.jar
[08Jul2024 12:46:51.312] [main/INFO] [net.neoforged.fml.loading.moddiscovery.locators.JarInJarDependencyLocator/]: No dependencies to load found. Skipping!
[08Jul2024 12:46:51.761] [main/INFO] [net.neoforged.fml.loading.FMLServiceProvider/CORE]: Loading coremod script-engine for [neoforge]
[08Jul2024 12:46:53.762] [main/INFO] [cpw.mods.modlauncher.LaunchServiceHandler/MODLAUNCHER]: Launching target 'forgeclientuserdev' with arguments [--version, 21.0.76-beta, --gameDir, ., --assetsDir, C:\Users\ben\.gradle\caches\minecraft\assets\1.21, --assetIndex, asset-index]
[08Jul2024 12:46:57.226] [Datafixer Bootstrap/INFO] [com.mojang.datafixers.DataFixerBuilder/]: 229 Datafixer optimizations took 783 milliseconds
[08Jul2024 12:46:57.587] [pool-7-thread-1/INFO] [MixinExtras|Service/]: Initializing MixinExtras via com.llamalad7.mixinextras.service.MixinExtrasServiceImpl(version=0.3.5).
[08Jul2024 12:47:08.817] [main/WARN] [net.minecraft.commands.Commands/]: Ambiguity between arguments [teleport, location] and [teleport, destination] with inputs: [0.1 -0.5 .9, 0 0 0]
[08Jul2024 12:47:08.819] [main/WARN] [net.minecraft.commands.Commands/]: Ambiguity between arguments [teleport, location] and [teleport, targets] with inputs: [0.1 -0.5 .9, 0 0 0]
[08Jul2024 12:47:08.828] [main/WARN] [net.minecraft.commands.Commands/]: Ambiguity between arguments [teleport, destination] and [teleport, targets] with inputs: [Player, 0123, @e, dd12be42-52a9-4a91-a8a1-11c01849e498]
[08Jul2024 12:47:08.829] [main/WARN] [net.minecraft.commands.Commands/]: Ambiguity between arguments [teleport, targets] and [teleport, destination] with inputs: [Player, 0123, dd12be42-52a9-4a91-a8a1-11c01849e498]
[08Jul2024 12:47:08.830] [main/WARN] [net.minecraft.commands.Commands/]: Ambiguity between arguments [teleport, targets, location] and [teleport, targets, destination] with inputs: [0.1 -0.5 .9, 0 0 0]
[08Jul2024 12:47:09.231] [Render thread/WARN] [net.minecraft.server.packs.VanillaPackResourcesBuilder/]: Assets URL 'union:/C:/Users/ben/IdeaProjects/Orb/.gradle/repositories/ng_dummy_ng/net/neoforged/neoforge/21.0.76-beta/neoforge-21.0.76-beta.jar%23189!/assets/.mcassetsroot' uses unexpected schema
[08Jul2024 12:47:09.232] [Render thread/WARN] [net.minecraft.server.packs.VanillaPackResourcesBuilder/]: Assets URL 'union:/C:/Users/ben/IdeaProjects/Orb/.gradle/repositories/ng_dummy_ng/net/neoforged/neoforge/21.0.76-beta/neoforge-21.0.76-beta.jar%23189!/data/.mcassetsroot' uses unexpected schema
[08Jul2024 12:47:09.322] [Render thread/INFO] [com.mojang.authlib.yggdrasil.YggdrasilAuthenticationService/]: Environment: Environment[sessionHost=https://sessionserver.mojang.com, servicesHost=https://api.minecraftservices.com, name=PROD]
[08Jul2024 12:47:09.372] [Render thread/INFO] [net.minecraft.client.Minecraft/]: Setting user: Dev
[08Jul2024 12:47:09.933] [Render thread/INFO] [net.minecraft.client.Minecraft/]: Backend library: LWJGL version 3.3.3+5
[08Jul2024 12:47:10.888] [modloading-worker-0/INFO] [net.neoforged.neoforge.common.NeoForgeMod/NEOFORGE-MOD]: NeoForge mod loading, version 21.0.76-beta, for MC 1.21
[08Jul2024 12:47:12.812] [Render thread/INFO] [net.neoforged.neoforge.gametest.GameTestHooks/]: Enabled Gametest Namespaces: []
[08Jul2024 12:47:13.176] [Render thread/INFO] [net.minecraft.server.packs.resources.ReloadableResourceManager/]: Reloading ResourceManager: vanilla, mod_resources, mod/neoforge, mod/orb
[08Jul2024 12:47:13.484] [Worker-Main-6/INFO] [net.minecraft.client.gui.font.providers.UnihexProvider/]: Found unifont_all_no_pua-15.1.05.hex, loading
[08Jul2024 12:47:13.573] [Render thread/WARN] [net.neoforged.neoforge.common.ModConfigSpec/CORE]: Configuration file C:\Users\ben\IdeaProjects\Orb\runs\client\config\neoforge-client.toml is not correct. Correcting
[08Jul2024 12:47:13.580] [Render thread/WARN] [net.neoforged.neoforge.common.ModConfigSpec/CORE]: Incorrect key client was corrected from null to its default, SimpleCommentedConfig:{}. 
[08Jul2024 12:47:13.580] [Render thread/WARN] [net.neoforged.neoforge.common.ModConfigSpec/CORE]: Incorrect key client.experimentalForgeLightPipelineEnabled was corrected from null to its default, false. 
[08Jul2024 12:47:13.581] [Render thread/WARN] [net.neoforged.neoforge.common.ModConfigSpec/CORE]: Incorrect key client.showLoadWarnings was corrected from null to its default, true. 
[08Jul2024 12:47:13.581] [Render thread/WARN] [net.neoforged.neoforge.common.ModConfigSpec/CORE]: Incorrect key client.useCombinedDepthStencilAttachment was corrected from null to its default, false. 
[08Jul2024 12:47:13.713] [Render thread/WARN] [net.neoforged.neoforge.common.ModConfigSpec/CORE]: Configuration file C:\Users\ben\IdeaProjects\Orb\runs\client\config\neoforge-common.toml is not correct. Correcting
[08Jul2024 12:47:13.714] [Render thread/WARN] [net.neoforged.neoforge.common.ModConfigSpec/CORE]: Incorrect key general was corrected from null to its default, SimpleCommentedConfig:{}. 
[08Jul2024 12:47:13.715] [Render thread/WARN] [net.neoforged.neoforge.common.ModConfigSpec/CORE]: Incorrect key general.logUntranslatedItemTagWarnings was corrected from null to its default, SILENCED. 
[08Jul2024 12:47:13.715] [Render thread/WARN] [net.neoforged.neoforge.common.ModConfigSpec/CORE]: Incorrect key general.logLegacyTagWarnings was corrected from null to its default, DEV_SHORT. 
[08Jul2024 12:47:13.886] [Worker-Main-11/INFO] [dev.bengiv.orb.Orb/]: [ORB] COMMON SETUP
[08Jul2024 12:47:13.917] [Worker-Main-9/INFO] [net.minecraft.client.gui.font.providers.UnihexProvider/]: Found unifont_jp_patch-15.1.05.hex, loading
[08Jul2024 12:47:13.999] [Worker-Main-10/INFO] [dev.bengiv.orb.Orb/]: [ORB] CLIENT SETUP
[08Jul2024 12:47:14.000] [Worker-Main-10/INFO] [dev.bengiv.orb.Orb/]: MINECRAFT NAME >> Dev
[08Jul2024 12:47:16.482] [Render thread/WARN] [net.minecraft.client.sounds.SoundEngine/]: Missing sound for event: minecraft:item.goat_horn.play
[08Jul2024 12:47:16.483] [Render thread/WARN] [net.minecraft.client.sounds.SoundEngine/]: Missing sound for event: minecraft:entity.goat.screaming.horn_break
[08Jul2024 12:47:17.906] [Render thread/INFO] [com.mojang.blaze3d.audio.Library/]: OpenAL initialized on device OpenAL Soft on Speaker (Realtek(R) Audio)
[08Jul2024 12:47:17.907] [Render thread/INFO] [net.minecraft.client.sounds.SoundEngine/SOUNDS]: Sound engine started
[08Jul2024 12:47:18.067] [Render thread/INFO] [net.minecraft.client.renderer.texture.TextureAtlas/]: Created: 1024x512x4 minecraft:textures/atlas/blocks.png-atlas
[08Jul2024 12:47:18.087] [Render thread/INFO] [net.minecraft.client.renderer.texture.TextureAtlas/]: Created: 256x256x4 minecraft:textures/atlas/signs.png-atlas
[08Jul2024 12:47:18.087] [Render thread/INFO] [net.minecraft.client.renderer.texture.TextureAtlas/]: Created: 512x512x4 minecraft:textures/atlas/banner_patterns.png-atlas
[08Jul2024 12:47:18.088] [Render thread/INFO] [net.minecraft.client.renderer.texture.TextureAtlas/]: Created: 512x512x4 minecraft:textures/atlas/shield_patterns.png-atlas
[08Jul2024 12:47:18.088] [Render thread/INFO] [net.minecraft.client.renderer.texture.TextureAtlas/]: Created: 1024x1024x4 minecraft:textures/atlas/armor_trims.png-atlas
[08Jul2024 12:47:18.093] [Render thread/INFO] [net.minecraft.client.renderer.texture.TextureAtlas/]: Created: 256x256x4 minecraft:textures/atlas/chest.png-atlas
[08Jul2024 12:47:18.094] [Render thread/INFO] [net.minecraft.client.renderer.texture.TextureAtlas/]: Created: 128x64x4 minecraft:textures/atlas/decorated_pot.png-atlas
[08Jul2024 12:47:18.094] [Render thread/INFO] [net.minecraft.client.renderer.texture.TextureAtlas/]: Created: 512x256x4 minecraft:textures/atlas/beds.png-atlas
[08Jul2024 12:47:18.095] [Render thread/INFO] [net.minecraft.client.renderer.texture.TextureAtlas/]: Created: 512x256x4 minecraft:textures/atlas/shulker_boxes.png-atlas
[08Jul2024 12:47:18.560] [Render thread/INFO] [net.minecraft.client.renderer.texture.TextureAtlas/]: Created: 512x256x0 minecraft:textures/atlas/particles.png-atlas
[08Jul2024 12:47:18.564] [Render thread/INFO] [net.minecraft.client.renderer.texture.TextureAtlas/]: Created: 512x256x0 minecraft:textures/atlas/paintings.png-atlas
[08Jul2024 12:47:18.564] [Render thread/INFO] [net.minecraft.client.renderer.texture.TextureAtlas/]: Created: 256x128x0 minecraft:textures/atlas/mob_effects.png-atlas
[08Jul2024 12:47:18.564] [Render thread/INFO] [net.minecraft.client.renderer.texture.TextureAtlas/]: Created: 64x64x0 minecraft:textures/atlas/map_decorations.png-atlas
[08Jul2024 12:47:18.564] [Render thread/INFO] [net.minecraft.client.renderer.texture.TextureAtlas/]: Created: 1024x512x0 minecraft:textures/atlas/gui.png-atlas
[08Jul2024 12:47:18.750] [Render thread/WARN] [net.minecraft.client.renderer.ShaderInstance/]: Shader rendertype_entity_translucent_emissive could not find sampler named Sampler2 in the specified shader program.
[08Jul2024 12:47:38.363] [Render thread/INFO] [net.minecraft.world.item.crafting.RecipeManager/]: Loaded 1290 recipes
[08Jul2024 12:47:38.874] [Render thread/INFO] [net.minecraft.advancements.AdvancementTree/]: Loaded 1399 advancements
[08Jul2024 12:47:45.595] [Server thread/INFO] [net.minecraft.client.server.IntegratedServer/]: Starting integrated minecraft server version 1.21
[08Jul2024 12:47:45.595] [Server thread/INFO] [net.minecraft.server.MinecraftServer/]: Generating keypair
[08Jul2024 12:47:45.722] [Server thread/WARN] [net.neoforged.neoforge.common.ModConfigSpec/CORE]: Configuration file C:\Users\ben\IdeaProjects\Orb\runs\client\config\neoforge-server.toml is not correct. Correcting
[08Jul2024 12:47:45.723] [Server thread/WARN] [net.neoforged.neoforge.common.ModConfigSpec/CORE]: Incorrect key server was corrected from null to its default, SimpleCommentedConfig:{}. 
[08Jul2024 12:47:45.723] [Server thread/WARN] [net.neoforged.neoforge.common.ModConfigSpec/CORE]: Incorrect key server.removeErroringBlockEntities was corrected from null to its default, false. 
[08Jul2024 12:47:45.723] [Server thread/WARN] [net.neoforged.neoforge.common.ModConfigSpec/CORE]: Incorrect key server.removeErroringEntities was corrected from null to its default, false. 
[08Jul2024 12:47:45.723] [Server thread/WARN] [net.neoforged.neoforge.common.ModConfigSpec/CORE]: Incorrect key server.fullBoundingBoxLadders was corrected from null to its default, false. 
[08Jul2024 12:47:45.723] [Server thread/WARN] [net.neoforged.neoforge.common.ModConfigSpec/CORE]: Incorrect key server.permissionHandler was corrected from null to its default, neoforge:default_handler. 
[08Jul2024 12:47:45.724] [Server thread/WARN] [net.neoforged.neoforge.common.ModConfigSpec/CORE]: Incorrect key server.advertiseDedicatedServerToLan was corrected from null to its default, true. 
[08Jul2024 12:47:51.691] [Server thread/INFO] [net.minecraft.server.MinecraftServer/]: Preparing start region for dimension minecraft:overworld
[08Jul2024 12:47:51.745] [progressListener/INFO] [net.minecraft.server.level.progress.LoggerChunkProgressListener/]: Preparing spawn area: 2%
[08Jul2024 12:47:52.325] [progressListener/INFO] [net.minecraft.server.level.progress.LoggerChunkProgressListener/]: Preparing spawn area: 2%
[08Jul2024 12:47:52.721] [progressListener/INFO] [net.minecraft.server.level.progress.LoggerChunkProgressListener/]: Preparing spawn area: 2%
[08Jul2024 12:47:53.214] [progressListener/INFO] [net.minecraft.server.level.progress.LoggerChunkProgressListener/]: Preparing spawn area: 2%
[08Jul2024 12:47:53.711] [progressListener/INFO] [net.minecraft.server.level.progress.LoggerChunkProgressListener/]: Preparing spawn area: 18%
[08Jul2024 12:47:54.688] [progressListener/INFO] [net.minecraft.server.level.progress.LoggerChunkProgressListener/]: Preparing spawn area: 18%
[08Jul2024 12:47:54.784] [progressListener/INFO] [net.minecraft.server.level.progress.LoggerChunkProgressListener/]: Preparing spawn area: 18%
[08Jul2024 12:47:55.218] [progressListener/INFO] [net.minecraft.server.level.progress.LoggerChunkProgressListener/]: Preparing spawn area: 18%
[08Jul2024 12:47:55.717] [progressListener/INFO] [net.minecraft.server.level.progress.LoggerChunkProgressListener/]: Preparing spawn area: 18%
[08Jul2024 12:47:56.497] [progressListener/INFO] [net.minecraft.server.level.progress.LoggerChunkProgressListener/]: Preparing spawn area: 22%
[08Jul2024 12:47:56.729] [progressListener/INFO] [net.minecraft.server.level.progress.LoggerChunkProgressListener/]: Preparing spawn area: 51%
[08Jul2024 12:47:57.216] [progressListener/INFO] [net.minecraft.server.level.progress.LoggerChunkProgressListener/]: Preparing spawn area: 51%
[08Jul2024 12:47:57.716] [progressListener/INFO] [net.minecraft.server.level.progress.LoggerChunkProgressListener/]: Preparing spawn area: 51%
[08Jul2024 12:47:58.050] [progressListener/INFO] [net.minecraft.server.level.progress.LoggerChunkProgressListener/]: Time elapsed: 6343 ms
[08Jul2024 12:47:58.057] [Server thread/INFO] [net.neoforged.neoforge.server.permission.PermissionAPI/]: Successfully initialized permission handler neoforge:default_handler
[08Jul2024 12:47:58.058] [Server thread/INFO] [dev.bengiv.orb.Orb/]: [ORB] server starting
[08Jul2024 12:47:58.227] [Server thread/INFO] [net.minecraft.client.server.IntegratedServer/]: Changing view distance to 12, from 10
[08Jul2024 12:47:58.227] [Server thread/INFO] [net.minecraft.client.server.IntegratedServer/]: Changing simulation distance to 12, from 0
[08Jul2024 12:48:01.106] [Server thread/INFO] [net.minecraft.server.players.PlayerList/]: Dev[local:E:18f74d97] logged in with entity id 31 at (-0.5, 80.0, 1.5)
[08Jul2024 12:48:01.249] [Server thread/INFO] [net.minecraft.server.MinecraftServer/]: Dev joined the game
[08Jul2024 12:48:01.753] [Render thread/INFO] [net.minecraft.advancements.AdvancementTree/]: Loaded 2 advancements
[08Jul2024 12:48:07.063] [Server thread/INFO] [net.minecraft.client.server.IntegratedServer/]: Saving and pausing game...
[08Jul2024 12:48:07.101] [Server thread/INFO] [net.minecraft.server.MinecraftServer/]: Saving chunks for level 'ServerLevel[demo]'/minecraft:overworld
[08Jul2024 12:48:07.136] [Server thread/INFO] [net.minecraft.server.MinecraftServer/]: Saving chunks for level 'ServerLevel[demo]'/minecraft:the_end
[08Jul2024 12:48:07.159] [Server thread/INFO] [net.minecraft.server.MinecraftServer/]: Saving chunks for level 'ServerLevel[demo]'/minecraft:the_nether
[08Jul2024 12:48:13.009] [Render thread/INFO] [net.minecraft.server.network.ServerConnectionListener/]: Using default channel type
[08Jul2024 12:48:13.044] [Render thread/INFO] [net.minecraft.client.server.IntegratedServer/]: Started serving on 54679
[08Jul2024 12:48:13.079] [Render thread/INFO] [net.minecraft.client.gui.components.ChatComponent/]: [System] [CHAT] Local game hosted on port [54679]
[08Jul2024 12:48:14.389] [Render thread/INFO] [net.minecraft.client.gui.components.ChatComponent/]: [System] [CHAT] [Debug]: Unable to open game mode switcher; no permission
[08Jul2024 12:48:14.897] [Render thread/INFO] [net.minecraft.client.gui.components.ChatComponent/]: [System] [CHAT] [Debug]: Unable to open game mode switcher; no permission
[08Jul2024 12:48:15.088] [Render thread/INFO] [net.minecraft.client.gui.components.ChatComponent/]: [System] [CHAT] [Debug]: Unable to open game mode switcher; no permission
[08Jul2024 12:48:15.241] [Render thread/INFO] [net.minecraft.client.gui.components.ChatComponent/]: [System] [CHAT] [Debug]: Unable to open game mode switcher; no permission
[08Jul2024 12:48:15.403] [Render thread/INFO] [net.minecraft.client.gui.components.ChatComponent/]: [System] [CHAT] [Debug]: Unable to open game mode switcher; no permission
[08Jul2024 12:48:15.562] [Render thread/INFO] [net.minecraft.client.gui.components.ChatComponent/]: [System] [CHAT] [Debug]: Unable to open game mode switcher; no permission
[08Jul2024 12:48:15.747] [Render thread/INFO] [net.minecraft.client.gui.components.ChatComponent/]: [System] [CHAT] [Debug]: Unable to open game mode switcher; no permission
[08Jul2024 12:48:20.077] [Server thread/INFO] [net.minecraft.server.network.ServerGamePacketListenerImpl/]: Dev lost connection: Disconnected
[08Jul2024 12:48:20.078] [Server thread/INFO] [net.minecraft.server.MinecraftServer/]: Dev left the game
[08Jul2024 12:48:20.110] [Server thread/INFO] [net.minecraft.server.network.ServerCommonPacketListenerImpl/]: Stopping singleplayer server as player logged out
[08Jul2024 12:48:20.195] [Server thread/INFO] [net.minecraft.server.MinecraftServer/]: Stopping server
[08Jul2024 12:48:20.196] [Server thread/INFO] [net.minecraft.server.MinecraftServer/]: Saving players
[08Jul2024 12:48:20.197] [Server thread/INFO] [net.minecraft.server.MinecraftServer/]: Saving worlds
[08Jul2024 12:48:23.351] [Server thread/INFO] [net.minecraft.server.MinecraftServer/]: Saving chunks for level 'ServerLevel[demo]'/minecraft:overworld
[08Jul2024 12:48:23.697] [Server thread/INFO] [net.minecraft.server.MinecraftServer/]: Saving chunks for level 'ServerLevel[demo]'/minecraft:the_end
[08Jul2024 12:48:23.713] [Server thread/INFO] [net.minecraft.server.MinecraftServer/]: Saving chunks for level 'ServerLevel[demo]'/minecraft:the_nether
[08Jul2024 12:48:23.740] [Server thread/INFO] [net.minecraft.server.MinecraftServer/]: ThreadedAnvilChunkStorage (demo): All chunks are saved
[08Jul2024 12:48:23.740] [Server thread/INFO] [net.minecraft.server.MinecraftServer/]: ThreadedAnvilChunkStorage (DIM1): All chunks are saved
[08Jul2024 12:48:23.740] [Server thread/INFO] [net.minecraft.server.MinecraftServer/]: ThreadedAnvilChunkStorage (DIM-1): All chunks are saved
[08Jul2024 12:48:23.740] [Server thread/INFO] [net.minecraft.server.MinecraftServer/]: ThreadedAnvilChunkStorage: All dimensions are saved
[08Jul2024 12:48:28.139] [Render thread/INFO] [net.minecraft.world.item.crafting.RecipeManager/]: Loaded 1290 recipes
[08Jul2024 12:48:28.245] [Render thread/INFO] [net.minecraft.advancements.AdvancementTree/]: Loaded 1399 advancements
[08Jul2024 12:48:28.735] [Server thread/INFO] [net.minecraft.client.server.IntegratedServer/]: Starting integrated minecraft server version 1.21
[08Jul2024 12:48:28.735] [Server thread/INFO] [net.minecraft.server.MinecraftServer/]: Generating keypair
[08Jul2024 12:48:30.037] [Server thread/INFO] [net.minecraft.server.MinecraftServer/]: Preparing start region for dimension minecraft:overworld
[08Jul2024 12:48:30.373] [progressListener/INFO] [net.minecraft.server.level.progress.LoggerChunkProgressListener/]: Preparing spawn area: 0%
[08Jul2024 12:48:30.386] [Server thread/INFO] [net.neoforged.neoforge.server.permission.PermissionAPI/]: Successfully initialized permission handler neoforge:default_handler
[08Jul2024 12:48:30.386] [Server thread/INFO] [dev.bengiv.orb.Orb/]: [ORB] server starting
[08Jul2024 12:48:30.395] [progressListener/INFO] [net.minecraft.server.level.progress.LoggerChunkProgressListener/]: Time elapsed: 354 ms
[08Jul2024 12:48:30.479] [Server thread/INFO] [net.minecraft.client.server.IntegratedServer/]: Changing view distance to 12, from 10
[08Jul2024 12:48:30.479] [Server thread/INFO] [net.minecraft.client.server.IntegratedServer/]: Changing simulation distance to 12, from 0
[08Jul2024 12:48:30.718] [Server thread/INFO] [net.minecraft.server.players.PlayerList/]: Dev[local:E:56452902] logged in with entity id 615 at (-0.5, 80.0, 1.5)
[08Jul2024 12:48:30.720] [Server thread/INFO] [net.minecraft.server.MinecraftServer/]: Dev joined the game
[08Jul2024 12:48:30.801] [Render thread/INFO] [net.minecraft.advancements.AdvancementTree/]: Loaded 2 advancements
[08Jul2024 12:48:36.838] [Server thread/INFO] [net.minecraft.client.server.IntegratedServer/]: Saving and pausing game...
[08Jul2024 12:48:36.856] [Server thread/INFO] [net.minecraft.server.MinecraftServer/]: Saving chunks for level 'ServerLevel[demo]'/minecraft:overworld
[08Jul2024 12:48:36.890] [Server thread/INFO] [net.minecraft.server.MinecraftServer/]: Saving chunks for level 'ServerLevel[demo]'/minecraft:the_end
[08Jul2024 12:48:36.904] [Server thread/INFO] [net.minecraft.server.MinecraftServer/]: Saving chunks for level 'ServerLevel[demo]'/minecraft:the_nether
[08Jul2024 12:48:40.163] [Render thread/INFO] [net.minecraft.server.network.ServerConnectionListener/]: Using default channel type
[08Jul2024 12:48:40.165] [Render thread/INFO] [net.minecraft.client.server.IntegratedServer/]: Started serving on 54681
[08Jul2024 12:48:40.204] [Render thread/INFO] [net.minecraft.client.gui.components.ChatComponent/]: [System] [CHAT] Local game hosted on port [54681]
[08Jul2024 12:48:41.144] [Server thread/INFO] [net.minecraft.server.MinecraftServer/]: [Dev: Set own game mode to Creative Mode]
[08Jul2024 12:48:41.206] [Render thread/INFO] [net.minecraft.client.gui.components.ChatComponent/]: [System] [CHAT] Set own game mode to Creative Mode
[08Jul2024 12:48:54.666] [Render thread/INFO] [net.minecraft.advancements.AdvancementTree/]: Loaded 4 advancements
[08Jul2024 12:48:54.954] [Render thread/INFO] [net.minecraft.advancements.AdvancementTree/]: Loaded 6 advancements
[08Jul2024 12:48:55.916] [Render thread/INFO] [net.minecraft.advancements.AdvancementTree/]: Loaded 8 advancements
[08Jul2024 12:48:56.211] [Render thread/INFO] [net.minecraft.advancements.AdvancementTree/]: Loaded 10 advancements
[08Jul2024 12:48:56.861] [Render thread/INFO] [net.minecraft.advancements.AdvancementTree/]: Loaded 12 advancements
[08Jul2024 12:48:57.119] [Render thread/INFO] [net.minecraft.advancements.AdvancementTree/]: Loaded 14 advancements
[08Jul2024 12:49:15.506] [Server thread/INFO] [net.minecraft.server.MinecraftServer/]: [Dev: Set own game mode to Survival Mode]
[08Jul2024 12:49:15.512] [Render thread/INFO] [net.minecraft.client.gui.components.ChatComponent/]: [System] [CHAT] Set own game mode to Survival Mode
[08Jul2024 12:49:23.251] [Render thread/INFO] [net.minecraft.advancements.AdvancementTree/]: Loaded 15 advancements
[08Jul2024 12:49:43.593] [Server thread/INFO] [net.minecraft.server.network.ServerGamePacketListenerImpl/]: Dev lost connection: Disconnected
[08Jul2024 12:49:43.594] [Server thread/INFO] [net.minecraft.server.MinecraftServer/]: Dev left the game
[08Jul2024 12:49:43.611] [Server thread/INFO] [net.minecraft.server.network.ServerCommonPacketListenerImpl/]: Stopping singleplayer server as player logged out
[08Jul2024 12:49:43.639] [Server thread/INFO] [net.minecraft.server.MinecraftServer/]: Stopping server
[08Jul2024 12:49:43.639] [Server thread/INFO] [net.minecraft.server.MinecraftServer/]: Saving players
[08Jul2024 12:49:43.639] [Server thread/INFO] [net.minecraft.server.MinecraftServer/]: Saving worlds
[08Jul2024 12:49:45.900] [Server thread/INFO] [net.minecraft.server.MinecraftServer/]: Saving chunks for level 'ServerLevel[demo]'/minecraft:overworld
[08Jul2024 12:49:46.039] [Server thread/INFO] [net.minecraft.server.MinecraftServer/]: Saving chunks for level 'ServerLevel[demo]'/minecraft:the_end
[08Jul2024 12:49:46.051] [Server thread/INFO] [net.minecraft.server.MinecraftServer/]: Saving chunks for level 'ServerLevel[demo]'/minecraft:the_nether
[08Jul2024 12:49:46.072] [Server thread/INFO] [net.minecraft.server.MinecraftServer/]: ThreadedAnvilChunkStorage (demo): All chunks are saved
[08Jul2024 12:49:46.072] [Server thread/INFO] [net.minecraft.server.MinecraftServer/]: ThreadedAnvilChunkStorage (DIM1): All chunks are saved
[08Jul2024 12:49:46.072] [Server thread/INFO] [net.minecraft.server.MinecraftServer/]: ThreadedAnvilChunkStorage (DIM-1): All chunks are saved
[08Jul2024 12:49:46.072] [Server thread/INFO] [net.minecraft.server.MinecraftServer/]: ThreadedAnvilChunkStorage: All dimensions are saved
[08Jul2024 12:49:47.182] [Render thread/INFO] [net.minecraft.client.Minecraft/]: Stopping!
